[01m[K/home/peko/ros2_ws2/src/robotont_driver/src/driver.cpp:[m[K In member function â€˜[01m[Kvoid robotont::Driver::initialize()[m[Kâ€™:
[01m[K/home/peko/ros2_ws2/src/robotont_driver/src/driver.cpp:28:12:[m[K [01;31m[Kerror: [m[Kâ€˜[01m[Knode_[m[Kâ€™ was not declared in this scope; did you mean â€˜[01m[Kmode_t[m[Kâ€™?
   28 |       if (![01;31m[Knode_[m[K->has_parameter("plugin_odom")) {
      |            [01;31m[K^~~~~[m[K
      |            [32m[Kmode_t[m[K
[01m[K/home/peko/ros2_ws2/src/robotont_driver/src/driver.cpp:29:48:[m[K [01;31m[Kerror: [m[Kexpected primary-expression before â€˜[01m[Kbool[m[Kâ€™
   29 |         plugin_odom = node_->declare_parameter<[01;31m[Kbool[m[K>("plugin_odom", true);
      |                                                [01;31m[K^~~~[m[K
gmake[2]: *** [CMakeFiles/robotont_driver.dir/build.make:76: CMakeFiles/robotont_driver.dir/src/driver.cpp.o] Error 1
gmake[1]: *** [CMakeFiles/Makefile2:141: CMakeFiles/robotont_driver.dir/all] Error 2
gmake: *** [Makefile:146: all] Error 2
