[0.028s] Invoking command in '/home/peko/ros2_ws2/src/robotont_driver/build/robotont_driver': CMAKE_PREFIX_PATH=${CMAKE_PREFIX_PATH}:/opt/ros/humble /usr/bin/cmake /home/peko/ros2_ws2/src/robotont_driver -DCMAKE_INSTALL_PREFIX=/home/peko/ros2_ws2/src/robotont_driver/install/robotont_driver
[0.291s] -- The C compiler identification is GNU 11.4.0
[0.478s] -- The CXX compiler identification is GNU 11.4.0
[0.503s] -- Detecting C compiler ABI info
[0.659s] -- Detecting C compiler ABI info - done
[0.690s] -- Check for working C compiler: /usr/bin/cc - skipped
[0.696s] -- Detecting C compile features
[0.697s] -- Detecting C compile features - done
[0.706s] -- Detecting CXX compiler ABI info
[0.861s] -- Detecting CXX compiler ABI info - done
[0.889s] -- Check for working CXX compiler: /usr/bin/c++ - skipped
[0.889s] -- Detecting CXX compile features
[0.890s] -- Detecting CXX compile features - done
[0.906s] -- Found ament_cmake: 1.3.8 (/opt/ros/humble/share/ament_cmake/cmake)
[1.228s] -- Found Python3: /usr/bin/python3 (found version "3.10.12") found components: Interpreter 
[1.445s] -- Found rclcpp: 16.0.8 (/opt/ros/humble/share/rclcpp/cmake)
[1.566s] -- Found rosidl_generator_c: 3.1.5 (/opt/ros/humble/share/rosidl_generator_c/cmake)
[1.579s] -- Found rosidl_adapter: 3.1.5 (/opt/ros/humble/share/rosidl_adapter/cmake)
[1.609s] -- Found rosidl_generator_cpp: 3.1.5 (/opt/ros/humble/share/rosidl_generator_cpp/cmake)
[1.660s] -- Using all available rosidl_typesupport_c: rosidl_typesupport_fastrtps_c;rosidl_typesupport_introspection_c
[1.726s] -- Using all available rosidl_typesupport_cpp: rosidl_typesupport_fastrtps_cpp;rosidl_typesupport_introspection_cpp
[1.947s] -- Found rmw_implementation_cmake: 6.1.1 (/opt/ros/humble/share/rmw_implementation_cmake/cmake)
[1.955s] -- Found rmw_fastrtps_cpp: 6.2.6 (/opt/ros/humble/share/rmw_fastrtps_cpp/cmake)
[2.246s] -- Found OpenSSL: /usr/lib/x86_64-linux-gnu/libcrypto.so (found version "3.0.2")  
[2.303s] -- Found FastRTPS: /opt/ros/humble/include  
[2.408s] -- Using RMW implementation 'rmw_fastrtps_cpp' as default
[2.443s] -- Looking for pthread.h
[2.635s] -- Looking for pthread.h - found
[2.635s] -- Performing Test CMAKE_HAVE_LIBC_PTHREAD
[2.828s] -- Performing Test CMAKE_HAVE_LIBC_PTHREAD - Success
[2.830s] -- Found Threads: TRUE  
[3.367s] -- Found io_context: 1.2.0 (/opt/ros/humble/share/io_context/cmake)
[3.553s] -- Found pluginlib: 5.1.0 (/opt/ros/humble/share/pluginlib/cmake)
[3.616s] -- Found serial_driver: 1.2.0 (/opt/ros/humble/share/serial_driver/cmake)
[4.042s] -- Found geometry_msgs: 4.2.3 (/opt/ros/humble/share/geometry_msgs/cmake)
[4.187s] -- Found nav_msgs: 4.2.3 (/opt/ros/humble/share/nav_msgs/cmake)
[4.451s] -- Found ament_cmake_auto: 1.3.8 (/opt/ros/humble/share/ament_cmake_auto/cmake)
[4.457s] -- Found asio_cmake_module: 1.2.0 (/opt/ros/humble/share/asio_cmake_module/cmake)
[4.461s] -- Found tf2_geometry_msgs: 0.25.6 (/opt/ros/humble/share/tf2_geometry_msgs/cmake)
[4.498s] -- Found eigen3_cmake_module: 0.1.1 (/opt/ros/humble/share/eigen3_cmake_module/cmake)
[4.501s] -- Found Eigen3: TRUE (found version "3.4.0") 
[4.501s] -- Ensuring Eigen3 include directory is part of orocos-kdl CMake target
[5.417s] -- Found ASIO: /usr/include  
[6.250s] -- Configuring done
[6.435s] -- Generating done
[6.439s] -- Build files have been written to: /home/peko/ros2_ws2/src/robotont_driver/build/robotont_driver
[6.458s] Invoked command in '/home/peko/ros2_ws2/src/robotont_driver/build/robotont_driver' returned '0': CMAKE_PREFIX_PATH=${CMAKE_PREFIX_PATH}:/opt/ros/humble /usr/bin/cmake /home/peko/ros2_ws2/src/robotont_driver -DCMAKE_INSTALL_PREFIX=/home/peko/ros2_ws2/src/robotont_driver/install/robotont_driver
[6.459s] Invoking command in '/home/peko/ros2_ws2/src/robotont_driver/build/robotont_driver': CMAKE_PREFIX_PATH=${CMAKE_PREFIX_PATH}:/opt/ros/humble /usr/bin/cmake --build /home/peko/ros2_ws2/src/robotont_driver/build/robotont_driver -- -j4 -l4
[6.568s] [  5%] [32mBuilding CXX object CMakeFiles/robotont_driver.dir/src/driver.cpp.o[0m
[15.066s] [01m[K/home/peko/ros2_ws2/src/robotont_driver/src/driver.cpp:[m[K In member function â€˜[01m[Kvoid robotont::Driver::initialize()[m[Kâ€™:
[15.066s] [01m[K/home/peko/ros2_ws2/src/robotont_driver/src/driver.cpp:28:12:[m[K [01;31m[Kerror: [m[Kâ€˜[01m[Knode_[m[Kâ€™ was not declared in this scope; did you mean â€˜[01m[Kmode_t[m[Kâ€™?
[15.066s]    28 |       if (![01;31m[Knode_[m[K->has_parameter("plugin_odom")) {
[15.067s]       |            [01;31m[K^~~~~[m[K
[15.067s]       |            [32m[Kmode_t[m[K
[15.067s] [01m[K/home/peko/ros2_ws2/src/robotont_driver/src/driver.cpp:29:48:[m[K [01;31m[Kerror: [m[Kexpected primary-expression before â€˜[01m[Kbool[m[Kâ€™
[15.067s]    29 |         plugin_odom = node_->declare_parameter<[01;31m[Kbool[m[K>("plugin_odom", true);
[15.067s]       |                                                [01;31m[K^~~~[m[K
[16.567s] gmake[2]: *** [CMakeFiles/robotont_driver.dir/build.make:76: CMakeFiles/robotont_driver.dir/src/driver.cpp.o] Error 1
[16.568s] gmake[1]: *** [CMakeFiles/Makefile2:141: CMakeFiles/robotont_driver.dir/all] Error 2
[16.568s] gmake: *** [Makefile:146: all] Error 2
[16.572s] Invoked command in '/home/peko/ros2_ws2/src/robotont_driver/build/robotont_driver' returned '2': CMAKE_PREFIX_PATH=${CMAKE_PREFIX_PATH}:/opt/ros/humble /usr/bin/cmake --build /home/peko/ros2_ws2/src/robotont_driver/build/robotont_driver -- -j4 -l4
