[35m[1mConsolidate compiler generated dependencies of target robotont_driver[0m
[  5%] [32mBuilding CXX object CMakeFiles/robotont_driver.dir/src/driver.cpp.o[0m
[01m[K/home/peko/ros2_ws2/src/robotont_driver/src/driver.cpp:[m[K In member function â€˜[01m[Kvoid robotont::Driver::initialize()[m[Kâ€™:
[01m[K/home/peko/ros2_ws2/src/robotont_driver/src/driver.cpp:31:42:[m[K [01;31m[Kerror: [m[Kcannot convert â€˜[01m[Krclcpp::Parameter[m[Kâ€™ to â€˜[01m[Kbool[m[Kâ€™ in assignment
   31 |         plugin_odom = [01;31m[Kthis->get_parameter("plugin_odom")[m[K;
      |                       [01;31m[K~~~~~~~~~~~~~~~~~~~^~~~~~~~~~~~~~~[m[K
      |                                          [01;31m[K|[m[K
      |                                          [01;31m[Krclcpp::Parameter[m[K
gmake[2]: *** [CMakeFiles/robotont_driver.dir/build.make:76: CMakeFiles/robotont_driver.dir/src/driver.cpp.o] Error 1
gmake[1]: *** [CMakeFiles/Makefile2:141: CMakeFiles/robotont_driver.dir/all] Error 2
gmake: *** [Makefile:146: all] Error 2
