[35m[1mConsolidate compiler generated dependencies of target robotont_driver[0m
[  5%] [32mBuilding CXX object CMakeFiles/robotont_driver.dir/src/driver.cpp.o[0m
[01m[K/home/peko/ros2_ws2/src/robotont_driver/src/driver.cpp:[m[K In member function â€˜[01m[Kvoid robotont::Driver::initialize()[m[Kâ€™:
[01m[K/home/peko/ros2_ws2/src/robotont_driver/src/driver.cpp:31:58:[m[K [01;31m[Kerror: [m[Kcannot bind non-const lvalue reference of type â€˜[01m[Kbool&[m[Kâ€™ to an rvalue of type â€˜[01m[Kbool[m[Kâ€™
   31 |         plugin_odom = get_parameter<bool>("plugin_odom", [01;31m[Ktrue[m[K);
      |                                                          [01;31m[K^~~~[m[K
In file included from [01m[K/opt/ros/humble/include/rclcpp/rclcpp/node.hpp:1321[m[K,
                 from [01m[K/opt/ros/humble/include/rclcpp/rclcpp/executors/single_threaded_executor.hpp:28[m[K,
                 from [01m[K/opt/ros/humble/include/rclcpp/rclcpp/executors.hpp:22[m[K,
                 from [01m[K/opt/ros/humble/include/rclcpp/rclcpp/rclcpp.hpp:155[m[K,
                 from [01m[K/home/peko/ros2_ws2/src/robotont_driver/include/robotont_driver/driver.hpp:4[m[K,
                 from [01m[K/home/peko/ros2_ws2/src/robotont_driver/src/driver.cpp:1[m[K:
[01m[K/opt/ros/humble/include/rclcpp/rclcpp/node_impl.hpp:286:60:[m[K [01;36m[Knote: [m[K  initializing argument 2 of â€˜[01m[Kbool rclcpp::Node::get_parameter(const string&, ParameterT&) const [with ParameterT = bool; std::string = std::__cxx11::basic_string<char>][m[Kâ€™
  286 | Node::get_parameter(const std::string & name, [01;36m[KParameterT & parameter[m[K) const
      |                                               [01;36m[K~~~~~~~~~~~~~^~~~~~~~~[m[K
gmake[2]: *** [CMakeFiles/robotont_driver.dir/build.make:76: CMakeFiles/robotont_driver.dir/src/driver.cpp.o] Error 1
gmake[1]: *** [CMakeFiles/Makefile2:141: CMakeFiles/robotont_driver.dir/all] Error 2
gmake: *** [Makefile:146: all] Error 2
