[0.036s] Invoking command in '/home/peko/ros2_ws2/src/robotont_driver/build/robotont_driver': CMAKE_PREFIX_PATH=${CMAKE_PREFIX_PATH}:/opt/ros/humble /usr/bin/cmake --build /home/peko/ros2_ws2/src/robotont_driver/build/robotont_driver -- -j4 -l4
[0.184s] [35m[1mConsolidate compiler generated dependencies of target robotont_driver[0m
[0.299s] [  5%] [32mBuilding CXX object CMakeFiles/robotont_driver.dir/src/driver.cpp.o[0m
[6.509s] [01m[K/home/peko/ros2_ws2/src/robotont_driver/src/driver.cpp:[m[K In member function â€˜[01m[Kvoid robotont::Driver::initialize()[m[Kâ€™:
[6.509s] [01m[K/home/peko/ros2_ws2/src/robotont_driver/src/driver.cpp:31:58:[m[K [01;31m[Kerror: [m[Kcannot bind non-const lvalue reference of type â€˜[01m[Kbool&[m[Kâ€™ to an rvalue of type â€˜[01m[Kbool[m[Kâ€™
[6.510s]    31 |         plugin_odom = get_parameter<bool>("plugin_odom", [01;31m[Ktrue[m[K);
[6.510s]       |                                                          [01;31m[K^~~~[m[K
[6.510s] In file included from [01m[K/opt/ros/humble/include/rclcpp/rclcpp/node.hpp:1321[m[K,
[6.510s]                  from [01m[K/opt/ros/humble/include/rclcpp/rclcpp/executors/single_threaded_executor.hpp:28[m[K,
[6.510s]                  from [01m[K/opt/ros/humble/include/rclcpp/rclcpp/executors.hpp:22[m[K,
[6.510s]                  from [01m[K/opt/ros/humble/include/rclcpp/rclcpp/rclcpp.hpp:155[m[K,
[6.510s]                  from [01m[K/home/peko/ros2_ws2/src/robotont_driver/include/robotont_driver/driver.hpp:4[m[K,
[6.511s]                  from [01m[K/home/peko/ros2_ws2/src/robotont_driver/src/driver.cpp:1[m[K:
[6.511s] [01m[K/opt/ros/humble/include/rclcpp/rclcpp/node_impl.hpp:286:60:[m[K [01;36m[Knote: [m[K  initializing argument 2 of â€˜[01m[Kbool rclcpp::Node::get_parameter(const string&, ParameterT&) const [with ParameterT = bool; std::string = std::__cxx11::basic_string<char>][m[Kâ€™
[6.511s]   286 | Node::get_parameter(const std::string & name, [01;36m[KParameterT & parameter[m[K) const
[6.511s]       |                                               [01;36m[K~~~~~~~~~~~~~^~~~~~~~~[m[K
[7.587s] gmake[2]: *** [CMakeFiles/robotont_driver.dir/build.make:76: CMakeFiles/robotont_driver.dir/src/driver.cpp.o] Error 1
[7.587s] gmake[1]: *** [CMakeFiles/Makefile2:141: CMakeFiles/robotont_driver.dir/all] Error 2
[7.587s] gmake: *** [Makefile:146: all] Error 2
[7.587s] Invoked command in '/home/peko/ros2_ws2/src/robotont_driver/build/robotont_driver' returned '2': CMAKE_PREFIX_PATH=${CMAKE_PREFIX_PATH}:/opt/ros/humble /usr/bin/cmake --build /home/peko/ros2_ws2/src/robotont_driver/build/robotont_driver -- -j4 -l4
